<?xml version="1.0" encoding="UTF-8"?>
<!-- Generated by org.testng.reporters.JUnitXMLReporter -->
<testsuite hostname="tangxiaohua" name="Default test" tests="3" failures="0" timestamp="26 Oct 2016 08:08:28 GMT" time="62.987" errors="0">
  <testcase name="leftBanner" time="20.311" classname="com.newgfan.test.MainPage01"/>
  <testcase name="topLine" time="11.912" classname="com.newgfan.test.MainPage01"/>
  <testcase name="topNav" time="0.573" classname="com.newgfan.test.MainPage01"/>
</testsuite> <!-- Default test -->
