<?xml version="1.0" encoding="UTF-8"?>
<testng-results skipped="0" failed="0" total="3" passed="3">
  <reporter-output>
  </reporter-output>
  <suite name="Default suite" duration-ms="62987" started-at="2016-10-26T08:07:25Z" finished-at="2016-10-26T08:08:28Z">
    <groups>
    </groups>
    <test name="Default test" duration-ms="62987" started-at="2016-10-26T08:07:25Z" finished-at="2016-10-26T08:08:28Z">
      <class name="com.newgfan.test.MainPage01">
        <test-method status="PASS" signature="setUp()[pri:0, instance:com.newgfan.test.MainPage01@16c0663d]" name="setUp" is-config="true" duration-ms="9916" started-at="2016-10-26T16:07:25Z" finished-at="2016-10-26T16:07:34Z">
          <reporter-output>
          </reporter-output>
        </test-method> <!-- setUp -->
        <test-method status="PASS" signature="leftBanner()[pri:0, instance:com.newgfan.test.MainPage01@16c0663d]" name="leftBanner" duration-ms="20311" started-at="2016-10-26T16:07:34Z" finished-at="2016-10-26T16:07:55Z">
          <reporter-output>
          </reporter-output>
        </test-method> <!-- leftBanner -->
        <test-method status="PASS" signature="close()[pri:0, instance:com.newgfan.test.MainPage01@16c0663d]" name="close" is-config="true" duration-ms="337" started-at="2016-10-26T16:07:55Z" finished-at="2016-10-26T16:07:55Z">
          <reporter-output>
          </reporter-output>
        </test-method> <!-- close -->
        <test-method status="PASS" signature="setUp()[pri:0, instance:com.newgfan.test.MainPage01@16c0663d]" name="setUp" is-config="true" duration-ms="7687" started-at="2016-10-26T16:07:55Z" finished-at="2016-10-26T16:08:03Z">
          <reporter-output>
          </reporter-output>
        </test-method> <!-- setUp -->
        <test-method status="PASS" signature="topLine()[pri:0, instance:com.newgfan.test.MainPage01@16c0663d]" name="topLine" duration-ms="11912" started-at="2016-10-26T16:08:03Z" finished-at="2016-10-26T16:08:15Z">
          <reporter-output>
          </reporter-output>
        </test-method> <!-- topLine -->
        <test-method status="PASS" signature="close()[pri:0, instance:com.newgfan.test.MainPage01@16c0663d]" name="close" is-config="true" duration-ms="3074" started-at="2016-10-26T16:08:15Z" finished-at="2016-10-26T16:08:18Z">
          <reporter-output>
          </reporter-output>
        </test-method> <!-- close -->
        <test-method status="PASS" signature="setUp()[pri:0, instance:com.newgfan.test.MainPage01@16c0663d]" name="setUp" is-config="true" duration-ms="8732" started-at="2016-10-26T16:08:18Z" finished-at="2016-10-26T16:08:27Z">
          <reporter-output>
          </reporter-output>
        </test-method> <!-- setUp -->
        <test-method status="PASS" signature="topNav()[pri:0, instance:com.newgfan.test.MainPage01@16c0663d]" name="topNav" duration-ms="573" started-at="2016-10-26T16:08:27Z" finished-at="2016-10-26T16:08:27Z">
          <reporter-output>
          </reporter-output>
        </test-method> <!-- topNav -->
        <test-method status="PASS" signature="close()[pri:0, instance:com.newgfan.test.MainPage01@16c0663d]" name="close" is-config="true" duration-ms="427" started-at="2016-10-26T16:08:27Z" finished-at="2016-10-26T16:08:28Z">
          <reporter-output>
          </reporter-output>
        </test-method> <!-- close -->
      </class> <!-- com.newgfan.test.MainPage01 -->
    </test> <!-- Default test -->
  </suite> <!-- Default suite -->
</testng-results>
